2025-03-30 03:07:35.657+0000 INFO  {plugin-com.neo4j.plugin.jwt.auth.JwtAuthPlugin} jwt.auth.private_key=certificates/security.key.pem
2025-03-30 03:07:46.549+0000 INFO  CREATE USER neo4j PASSWORD ****** CHANGE NOT REQUIRED
2025-03-30 03:07:46.938+0000 INFO  CREATE ROLE admin
2025-03-30 03:07:46.942+0000 INFO  GRANT TRANSACTION MANAGEMENT ON DATABASE * TO admin
2025-03-30 03:07:46.948+0000 INFO  GRANT START ON DATABASE * TO admin
2025-03-30 03:07:46.948+0000 INFO  GRANT STOP ON DATABASE * TO admin
2025-03-30 03:07:46.949+0000 INFO  GRANT ALL ON DBMS TO admin
2025-03-30 03:07:46.949+0000 INFO  GRANT CONSTRAINT MANAGEMENT ON DATABASE * TO admin
2025-03-30 03:07:46.949+0000 INFO  GRANT INDEX MANAGEMENT ON DATABASE * TO admin
2025-03-30 03:07:46.950+0000 INFO  GRANT NAME MANAGEMENT ON DATABASE * TO admin
2025-03-30 03:07:46.950+0000 INFO  GRANT WRITE ON GRAPH * TO admin
2025-03-30 03:07:46.950+0000 INFO  GRANT MATCH {*} ON GRAPH * TO admin
2025-03-30 03:07:46.951+0000 INFO  GRANT ACCESS ON DATABASE * TO admin
2025-03-30 03:07:46.951+0000 INFO  GRANT SHOW INDEX ON DATABASE * TO admin
2025-03-30 03:07:46.951+0000 INFO  GRANT SHOW CONSTRAINTS ON DATABASE * TO admin
2025-03-30 03:07:46.951+0000 INFO  GRANT LOAD ON ALL DATA TO admin
2025-03-30 03:07:46.951+0000 INFO  CREATE ROLE architect
2025-03-30 03:07:46.952+0000 INFO  GRANT CONSTRAINT MANAGEMENT ON DATABASE * TO architect
2025-03-30 03:07:46.953+0000 INFO  GRANT INDEX MANAGEMENT ON DATABASE * TO architect
2025-03-30 03:07:46.953+0000 INFO  GRANT NAME MANAGEMENT ON DATABASE * TO architect
2025-03-30 03:07:46.953+0000 INFO  GRANT WRITE ON GRAPH * TO architect
2025-03-30 03:07:46.953+0000 INFO  GRANT MATCH {*} ON GRAPH * TO architect
2025-03-30 03:07:46.953+0000 INFO  GRANT ACCESS ON DATABASE * TO architect
2025-03-30 03:07:46.954+0000 INFO  GRANT SHOW INDEX ON DATABASE * TO architect
2025-03-30 03:07:46.954+0000 INFO  GRANT SHOW CONSTRAINTS ON DATABASE * TO architect
2025-03-30 03:07:46.954+0000 INFO  CREATE ROLE publisher
2025-03-30 03:07:46.954+0000 INFO  GRANT NAME MANAGEMENT ON DATABASE * TO publisher
2025-03-30 03:07:46.955+0000 INFO  GRANT WRITE ON GRAPH * TO publisher
2025-03-30 03:07:46.955+0000 INFO  GRANT MATCH {*} ON GRAPH * TO publisher
2025-03-30 03:07:46.955+0000 INFO  GRANT ACCESS ON DATABASE * TO publisher
2025-03-30 03:07:46.955+0000 INFO  GRANT SHOW INDEX ON DATABASE * TO publisher
2025-03-30 03:07:46.956+0000 INFO  GRANT SHOW CONSTRAINTS ON DATABASE * TO publisher
2025-03-30 03:07:46.956+0000 INFO  CREATE ROLE editor
2025-03-30 03:07:46.956+0000 INFO  GRANT WRITE ON GRAPH * TO editor
2025-03-30 03:07:46.957+0000 INFO  GRANT MATCH {*} ON GRAPH * TO editor
2025-03-30 03:07:46.957+0000 INFO  GRANT ACCESS ON DATABASE * TO editor
2025-03-30 03:07:46.957+0000 INFO  GRANT SHOW INDEX ON DATABASE * TO editor
2025-03-30 03:07:46.957+0000 INFO  GRANT SHOW CONSTRAINTS ON DATABASE * TO editor
2025-03-30 03:07:46.957+0000 INFO  CREATE ROLE reader
2025-03-30 03:07:46.959+0000 INFO  GRANT MATCH {*} ON GRAPH * TO reader
2025-03-30 03:07:46.959+0000 INFO  GRANT ACCESS ON DATABASE * TO reader
2025-03-30 03:07:46.959+0000 INFO  GRANT SHOW INDEX ON DATABASE * TO reader
2025-03-30 03:07:46.959+0000 INFO  GRANT SHOW CONSTRAINTS ON DATABASE * TO reader
2025-03-30 03:07:46.960+0000 INFO  CREATE ROLE PUBLIC
2025-03-30 03:07:46.960+0000 INFO  GRANT ACCESS ON HOME DATABASE TO PUBLIC
2025-03-30 03:07:46.961+0000 INFO  GRANT EXECUTE PROCEDURE * ON DBMS TO PUBLIC
2025-03-30 03:07:46.961+0000 INFO  GRANT EXECUTE FUNCTION * ON DBMS TO PUBLIC
2025-03-30 03:07:46.961+0000 INFO  GRANT LOAD ON ALL DATA TO PUBLIC
2025-03-30 03:07:46.963+0000 INFO  GRANT ROLE admin TO neo4j
2025-03-30 03:07:51.587+0000 INFO  {plugin-com.neo4j.plugin.jwt.auth.JwtAuthPlugin} Log in attempted for user 'neo4j'.
2025-03-30 03:07:51.588+0000 ERROR {plugin-com.neo4j.plugin.jwt.auth.JwtAuthPlugin} Invalid serialized unsecured/JWS/JWE object: Missing part delimiters
2025-03-30 03:07:51.600+0000 INFO  [neo4j]: logged in
2025-03-30 03:07:55.273+0000 INFO  {plugin-com.neo4j.plugin.jwt.auth.JwtAuthPlugin} Log in attempted for user 'neo4j'.
2025-03-30 03:07:55.273+0000 ERROR {plugin-com.neo4j.plugin.jwt.auth.JwtAuthPlugin} Invalid serialized unsecured/JWS/JWE object: Missing part delimiters
2025-03-30 03:07:55.273+0000 INFO  [neo4j]: logged in
2025-03-30 03:08:01.699+0000 INFO  {plugin-com.neo4j.plugin.jwt.auth.JwtAuthPlugin} Log in attempted for user 'neo4j'.
2025-03-30 03:08:01.699+0000 ERROR {plugin-com.neo4j.plugin.jwt.auth.JwtAuthPlugin} Invalid serialized unsecured/JWS/JWE object: Missing part delimiters
2025-03-30 03:08:01.700+0000 INFO  [neo4j]: logged in
2025-03-30 03:08:04.687+0000 INFO  {plugin-com.neo4j.plugin.jwt.auth.JwtAuthPlugin} Log in attempted for user 'neo4j'.
2025-03-30 03:08:04.687+0000 ERROR {plugin-com.neo4j.plugin.jwt.auth.JwtAuthPlugin} Invalid serialized unsecured/JWS/JWE object: Missing part delimiters
2025-03-30 03:08:04.688+0000 INFO  [neo4j]: logged in
2025-03-30 03:08:12.889+0000 INFO  {plugin-com.neo4j.plugin.jwt.auth.JwtAuthPlugin} Log in attempted for user 'neo4j'.
2025-03-30 03:08:12.889+0000 ERROR {plugin-com.neo4j.plugin.jwt.auth.JwtAuthPlugin} Invalid serialized unsecured/JWS/JWE object: Missing part delimiters
2025-03-30 03:08:12.894+0000 INFO  [neo4j]: logged in
2025-03-30 03:08:13.008+0000 INFO  {plugin-com.neo4j.plugin.jwt.auth.JwtAuthPlugin} Log in attempted for user 'neo4j'.
2025-03-30 03:08:13.008+0000 ERROR {plugin-com.neo4j.plugin.jwt.auth.JwtAuthPlugin} Invalid serialized unsecured/JWS/JWE object: Missing part delimiters
2025-03-30 03:08:13.008+0000 INFO  [neo4j]: logged in
2025-03-30 03:08:13.978+0000 INFO  {plugin-com.neo4j.plugin.jwt.auth.JwtAuthPlugin} Log in attempted for user 'neo4j'.
2025-03-30 03:08:13.978+0000 ERROR {plugin-com.neo4j.plugin.jwt.auth.JwtAuthPlugin} Invalid serialized unsecured/JWS/JWE object: Missing part delimiters
2025-03-30 03:08:13.978+0000 INFO  [neo4j]: logged in
2025-03-30 03:08:14.076+0000 INFO  {plugin-com.neo4j.plugin.jwt.auth.JwtAuthPlugin} Log in attempted for user 'neo4j'.
2025-03-30 03:08:14.077+0000 ERROR {plugin-com.neo4j.plugin.jwt.auth.JwtAuthPlugin} Invalid serialized unsecured/JWS/JWE object: Missing part delimiters
2025-03-30 03:08:14.077+0000 INFO  [neo4j]: logged in
